[INFO] Scanning for projects...
[INFO] 
[INFO] --------------------------< com.aziz:demosec >--------------------------
[INFO] Building demosec 0.0.1-SNAPSHOT
[INFO]   from pom.xml
[INFO] --------------------------------[ jar ]---------------------------------
[INFO] 
[INFO] --- resources:3.3.1:resources (default-resources) @ demosec ---
[INFO] Copying 1 resource from src\main\resources to target\classes
[INFO] Copying 1 resource from src\main\resources to target\classes
[INFO] 
[INFO] --- compiler:3.14.1:compile (default-compile) @ demosec ---
[INFO] Nothing to compile - all classes are up to date.
[INFO] 
[INFO] --- resources:3.3.1:testResources (default-testResources) @ demosec ---
[INFO] Copying 1 resource from src\test\resources to target\test-classes
[INFO] 
[INFO] --- compiler:3.14.1:testCompile (default-testCompile) @ demosec ---
[INFO] Nothing to compile - all classes are up to date.
[INFO] 
[INFO] --- surefire:3.5.4:test (default-test) @ demosec ---
[INFO] Tests are skipped.
[INFO] 
[INFO] --- jar:3.4.2:jar (default-jar) @ demosec ---
[INFO] Building jar: C:\Users\khame\demosec\target\demosec-0.0.1-SNAPSHOT.jar
[INFO] 
[INFO] --- spring-boot:3.5.11:repackage (repackage) @ demosec ---
[INFO] Replacing main artifact C:\Users\khame\demosec\target\demosec-0.0.1-SNAPSHOT.jar with repackaged archive, adding nested dependencies in BOOT-INF/.
[INFO] The original artifact has been renamed to C:\Users\khame\demosec\target\demosec-0.0.1-SNAPSHOT.jar.original
[INFO] 
[INFO] --- install:3.1.4:install (default-install) @ demosec ---
[INFO] Installing C:\Users\khame\demosec\pom.xml to C:\Users\khame\.m2\repository\com\aziz\demosec\0.0.1-SNAPSHOT\demosec-0.0.1-SNAPSHOT.pom
[INFO] Installing C:\Users\khame\demosec\target\demosec-0.0.1-SNAPSHOT.jar to C:\Users\khame\.m2\repository\com\aziz\demosec\0.0.1-SNAPSHOT\demosec-0.0.1-SNAPSHOT.jar
[INFO] ------------------------------------------------------------------------
[INFO] BUILD SUCCESS
[INFO] ------------------------------------------------------------------------
[INFO] Total time:  2.973 s
[INFO] Finished at: 2026-03-29T15:39:28+01:00
[INFO] ------------------------------------------------------------------------
