[INFO] Scanning for projects...
[INFO] 
[INFO] --------------------------< com.aziz:demosec >--------------------------
[INFO] Building demosec 0.0.1-SNAPSHOT
[INFO]   from pom.xml
[INFO] --------------------------------[ jar ]---------------------------------
[INFO] 
[INFO] >>> spring-boot:3.5.11:run (default-cli) > test-compile @ demosec >>>
[INFO] 
[INFO] --- resources:3.3.1:resources (default-resources) @ demosec ---
[INFO] Copying 2 resources from src\main\resources to target\classes
[INFO] Copying 1 resource from src\main\resources to target\classes
[INFO] 
[INFO] --- compiler:3.14.1:compile (default-compile) @ demosec ---
[INFO] Nothing to compile - all classes are up to date.
[INFO] 
[INFO] --- resources:3.3.1:testResources (default-testResources) @ demosec ---
[INFO] skip non existing resourceDirectory C:\Users\Fathi\demosec\src\test\resources
[INFO] 
[INFO] --- compiler:3.14.1:testCompile (default-testCompile) @ demosec ---
[INFO] Nothing to compile - all classes are up to date.
[INFO] 
[INFO] <<< spring-boot:3.5.11:run (default-cli) < test-compile @ demosec <<<
[INFO] 
[INFO] 
[INFO] --- spring-boot:3.5.11:run (default-cli) @ demosec ---
[INFO] Attaching agents: []

  .   ____          _            __ _ _
 /\\ / ___'_ __ _ _(_)_ __  __ _ \ \ \ \
( ( )\___ | '_ | '_| | '_ \/ _` | \ \ \ \
 \\/  ___)| |_)| | | | | || (_| |  ) ) ) )
  '  |____| .__|_| |_|_| |_\__, | / / / /
 =========|_|==============|___/=/_/_/_/

 :: Spring Boot ::               (v3.5.11)

2026-03-28T04:03:45.555+01:00  INFO 18900 --- [demosec] [           main] com.aziz.demosec.DemosecApplication      : Starting DemosecApplication using Java 17 with PID 18900 (C:\Users\Fathi\demosec\target\classes started by Fathi in C:\Users\Fathi\demosec)
2026-03-28T04:03:45.557+01:00  INFO 18900 --- [demosec] [           main] com.aziz.demosec.DemosecApplication      : No active profile set, falling back to 1 default profile: "default"
2026-03-28T04:03:46.110+01:00  INFO 18900 --- [demosec] [           main] .s.d.r.c.RepositoryConfigurationDelegate : Bootstrapping Spring Data JPA repositories in DEFAULT mode.
2026-03-28T04:03:46.185+01:00  INFO 18900 --- [demosec] [           main] .s.d.r.c.RepositoryConfigurationDelegate : Finished Spring Data repository scanning in 68 ms. Found 14 JPA repository interfaces.
2026-03-28T04:03:46.597+01:00  INFO 18900 --- [demosec] [           main] o.s.b.w.embedded.tomcat.TomcatWebServer  : Tomcat initialized with port 8081 (http)
2026-03-28T04:03:46.605+01:00  INFO 18900 --- [demosec] [           main] o.apache.catalina.core.StandardService   : Starting service [Tomcat]
2026-03-28T04:03:46.605+01:00  INFO 18900 --- [demosec] [           main] o.apache.catalina.core.StandardEngine    : Starting Servlet engine: [Apache Tomcat/10.1.52]
2026-03-28T04:03:46.642+01:00  INFO 18900 --- [demosec] [           main] o.a.c.c.C.[.[.[/springsecurity]          : Initializing Spring embedded WebApplicationContext
2026-03-28T04:03:46.642+01:00  INFO 18900 --- [demosec] [           main] w.s.c.ServletWebServerApplicationContext : Root WebApplicationContext: initialization completed in 1050 ms
2026-03-28T04:03:46.685+01:00  INFO 18900 --- [demosec] [           main] com.zaxxer.hikari.HikariDataSource       : HikariPool-1 - Starting...
2026-03-28T04:03:46.796+01:00  INFO 18900 --- [demosec] [           main] com.zaxxer.hikari.pool.HikariPool        : HikariPool-1 - Added connection com.mysql.cj.jdbc.ConnectionImpl@4bf03fee
2026-03-28T04:03:46.797+01:00  INFO 18900 --- [demosec] [           main] com.zaxxer.hikari.HikariDataSource       : HikariPool-1 - Start completed.
2026-03-28T04:03:46.853+01:00  INFO 18900 --- [demosec] [           main] o.hibernate.jpa.internal.util.LogHelper  : HHH000204: Processing PersistenceUnitInfo [name: default]
2026-03-28T04:03:46.890+01:00  INFO 18900 --- [demosec] [           main] org.hibernate.Version                    : HHH000412: Hibernate ORM core version 6.6.42.Final
2026-03-28T04:03:46.908+01:00  INFO 18900 --- [demosec] [           main] o.h.c.internal.RegionFactoryInitiator    : HHH000026: Second-level cache disabled
2026-03-28T04:03:47.084+01:00  INFO 18900 --- [demosec] [           main] o.s.o.j.p.SpringPersistenceUnitInfo      : No LoadTimeWeaver setup: ignoring JPA class transformer
2026-03-28T04:03:47.118+01:00  WARN 18900 --- [demosec] [           main] org.hibernate.orm.deprecation            : HHH90000025: MySQL8Dialect does not need to be specified explicitly using 'hibernate.dialect' (remove the property setting and it will be selected by default)
2026-03-28T04:03:47.119+01:00  WARN 18900 --- [demosec] [           main] org.hibernate.orm.deprecation            : HHH90000026: MySQL8Dialect has been deprecated; use org.hibernate.dialect.MySQLDialect instead
2026-03-28T04:03:47.129+01:00  INFO 18900 --- [demosec] [           main] org.hibernate.orm.connections.pooling    : HHH10001005: Database info:
	Database JDBC URL [Connecting through datasource 'HikariDataSource (HikariPool-1)']
	Database driver: undefined/unknown
	Database version: 8.0
	Autocommit mode: undefined/unknown
	Isolation level: undefined/unknown
	Minimum pool size: undefined/unknown
	Maximum pool size: undefined/unknown
2026-03-28T04:03:48.383+01:00  INFO 18900 --- [demosec] [           main] o.h.e.t.j.p.i.JtaPlatformInitiator       : HHH000489: No JTA platform available (set 'hibernate.transaction.jta.platform' to enable JTA platform integration)
Hibernate: 
    create table lifestyle_goals (
        id bigint not null auto_increment,
        baseline_value decimal(38,2),
        category enum ('FITNESS','GENERAL_HEALTH','MAINTENANCE','MUSCLE_GAIN','NUTRITION','WEIGHT_GAIN','WEIGHT_LOSS') not null,
        status enum ('ABANDONED','ACHIEVED','CANCELLED','COMPLETED','IN_PROGRESS','PENDING') not null,
        target_date date,
        target_value decimal(38,2),
        patient_id bigint not null,
        primary key (id)
    ) engine=InnoDB
Hibernate: 
    create table lifestyle_plans (
        id bigint not null auto_increment,
        created_at datetime(6),
        description varchar(255),
        end_date date,
        start_date date,
        status enum ('ACTIVE','CANCELLED','COMPLETED','DRAFT') not null,
        title varchar(255) not null,
        goal_id bigint not null,
        nutritionist_id bigint not null,
        primary key (id)
    ) engine=InnoDB
Hibernate: 
    create table progress_tracking (
        id bigint not null auto_increment,
        date date,
        notes varchar(255),
        value decimal(38,2),
        goal_id bigint not null,
        patient_id bigint not null,
        primary key (id)
    ) engine=InnoDB
Hibernate: 
    alter table lifestyle_goals 
       add constraint FKmsifngurj2dy5j34ibd3b66wb 
       foreign key (patient_id) 
       references users (id)
Hibernate: 
    alter table lifestyle_plans 
       add constraint FKj1ldmf9itkoh6fndpa2k57qww 
       foreign key (goal_id) 
       references lifestyle_goals (id)
Hibernate: 
    alter table lifestyle_plans 
       add constraint FKf7r59jg53ttm94lmox4b50rii 
       foreign key (nutritionist_id) 
       references users (id)
Hibernate: 
    alter table progress_tracking 
       add constraint FK773ph7rvocvsrhrgpfvvsem5q 
       foreign key (goal_id) 
       references lifestyle_goals (id)
Hibernate: 
    alter table progress_tracking 
       add constraint FKhddvem51rj6ll9lrgqoojnhf8 
       foreign key (patient_id) 
       references users (id)
2026-03-28T04:03:48.996+01:00  INFO 18900 --- [demosec] [           main] j.LocalContainerEntityManagerFactoryBean : Initialized JPA EntityManagerFactory for persistence unit 'default'
2026-03-28T04:03:49.206+01:00 DEBUG 18900 --- [demosec] [           main] c.a.demosec.security.jwt.JwtAuthFilter   : Filter 'jwtAuthFilter' configured for use
>>> STARTING DATABASE CLEANUP FOR CORRUPTED TABLES <<<
>>> DATABASE CLEANUP COMPLETED SUCCESSFULLY <<<
2026-03-28T04:03:49.311+01:00  INFO 18900 --- [demosec] [           main] eAuthenticationProviderManagerConfigurer : Global AuthenticationManager configured with AuthenticationProvider bean with name authProvider
2026-03-28T04:03:49.312+01:00  WARN 18900 --- [demosec] [           main] r$InitializeUserDetailsManagerConfigurer : Global AuthenticationManager configured with an AuthenticationProvider bean. UserDetailsService beans will not be used by Spring Security for automatically configuring username/password login. Consider removing the AuthenticationProvider bean. Alternatively, consider using the UserDetailsService in a manually instantiated DaoAuthenticationProvider. If the current configuration is intentional, to turn off this warning, increase the logging level of 'org.springframework.security.config.annotation.authentication.configuration.InitializeUserDetailsBeanManagerConfigurer' to ERROR
2026-03-28T04:03:49.471+01:00  INFO 18900 --- [demosec] [           main] o.s.d.j.r.query.QueryEnhancerFactory     : Hibernate is in classpath; If applicable, HQL parser will be used.
2026-03-28T04:03:49.727+01:00  WARN 18900 --- [demosec] [           main] JpaBaseConfiguration$JpaWebConfiguration : spring.jpa.open-in-view is enabled by default. Therefore, database queries may be performed during view rendering. Explicitly configure spring.jpa.open-in-view to disable this warning
2026-03-28T04:03:49.939+01:00 DEBUG 18900 --- [demosec] [           main] o.s.s.web.DefaultSecurityFilterChain     : Will secure any request with filters: DisableEncodeUrlFilter, WebAsyncManagerIntegrationFilter, SecurityContextHolderFilter, HeaderWriterFilter, CorsFilter, LogoutFilter, JwtAuthFilter, RequestCacheAwareFilter, SecurityContextHolderAwareRequestFilter, AnonymousAuthenticationFilter, SessionManagementFilter, ExceptionTranslationFilter, AuthorizationFilter
2026-03-28T04:03:50.081+01:00  INFO 18900 --- [demosec] [           main] o.s.b.w.embedded.tomcat.TomcatWebServer  : Tomcat started on port 8081 (http) with context path '/springsecurity'
2026-03-28T04:03:50.086+01:00  INFO 18900 --- [demosec] [           main] com.aziz.demosec.DemosecApplication      : Started DemosecApplication in 4.867 seconds (process running for 5.103)
^C2026-03-28T04:10:08.425+01:00  INFO 18900 --- [demosec] [ionShutdownHook] o.s.b.w.e.tomcat.GracefulShutdown        : Commencing graceful shutdown. Waiting for active requests to complete
Terminer le programme de commandes (O/N)˙? 2026-03-28T04:10:08.486+01:00  INFO 18900 --- [demosec] [tomcat-shutdown] o.s.b.w.e.tomcat.GracefulShutdown        : Graceful shutdown complete
2026-03-28T04:10:08.491+01:00  INFO 18900 --- [demosec] [ionShutdownHook] j.LocalContainerEntityManagerFactoryBean : Closing JPA EntityManagerFactory for persistence unit 'default'
2026-03-28T04:10:08.493+01:00  INFO 18900 --- [demosec] [ionShutdownHook] com.zaxxer.hikari.HikariDataSource       : HikariPool-1 - Shutdown initiated...
2026-03-28T04:10:08.499+01:00  INFO 18900 --- [demosec] [ionShutdownHook] com.zaxxer.hikari.HikariDataSource       : HikariPool-1 - Shutdown completed.
[INFO] ------------------------------------------------------------------------
[INFO] BUILD SUCCESS
[INFO] ------------------------------------------------------------------------
[INFO] Total time:  06:24 min
[INFO] Finished at: 2026-03-28T04:10:08+01:00
[INFO] ------------------------------------------------------------------------
