[INFO] Scanning for projects...
[INFO] 
[INFO] --------------------------< com.aziz:demosec >--------------------------
[INFO] Building demosec 0.0.1-SNAPSHOT
[INFO]   from pom.xml
[INFO] --------------------------------[ jar ]---------------------------------
[INFO] 
[INFO] >>> spring-boot:3.5.11:run (default-cli) > test-compile @ demosec >>>
[INFO] 
[INFO] --- resources:3.3.1:resources (default-resources) @ demosec ---
[INFO] Copying 2 resources from src\main\resources to target\classes
[INFO] Copying 1 resource from src\main\resources to target\classes
[INFO] 
[INFO] --- compiler:3.14.1:compile (default-compile) @ demosec ---
[INFO] Nothing to compile - all classes are up to date.
[INFO] 
[INFO] --- resources:3.3.1:testResources (default-testResources) @ demosec ---
[INFO] skip non existing resourceDirectory C:\Users\Fathi\demosec\src\test\resources
[INFO] 
[INFO] --- compiler:3.14.1:testCompile (default-testCompile) @ demosec ---
[INFO] Nothing to compile - all classes are up to date.
[INFO] 
[INFO] <<< spring-boot:3.5.11:run (default-cli) < test-compile @ demosec <<<
[INFO] 
[INFO] 
[INFO] --- spring-boot:3.5.11:run (default-cli) @ demosec ---
[INFO] Attaching agents: []

  .   ____          _            __ _ _
 /\\ / ___'_ __ _ _(_)_ __  __ _ \ \ \ \
( ( )\___ | '_ | '_| | '_ \/ _` | \ \ \ \
 \\/  ___)| |_)| | | | | || (_| |  ) ) ) )
  '  |____| .__|_| |_|_| |_\__, | / / / /
 =========|_|==============|___/=/_/_/_/

 :: Spring Boot ::               (v3.5.11)

2026-03-28T04:02:26.437+01:00  INFO 11444 --- [demosec] [           main] com.aziz.demosec.DemosecApplication      : Starting DemosecApplication using Java 17 with PID 11444 (C:\Users\Fathi\demosec\target\classes started by Fathi in C:\Users\Fathi\demosec)
2026-03-28T04:02:26.439+01:00  INFO 11444 --- [demosec] [           main] com.aziz.demosec.DemosecApplication      : No active profile set, falling back to 1 default profile: "default"
2026-03-28T04:02:27.013+01:00  INFO 11444 --- [demosec] [           main] .s.d.r.c.RepositoryConfigurationDelegate : Bootstrapping Spring Data JPA repositories in DEFAULT mode.
2026-03-28T04:02:27.085+01:00  INFO 11444 --- [demosec] [           main] .s.d.r.c.RepositoryConfigurationDelegate : Finished Spring Data repository scanning in 66 ms. Found 14 JPA repository interfaces.
2026-03-28T04:02:27.522+01:00  INFO 11444 --- [demosec] [           main] o.s.b.w.embedded.tomcat.TomcatWebServer  : Tomcat initialized with port 8081 (http)
2026-03-28T04:02:27.532+01:00  INFO 11444 --- [demosec] [           main] o.apache.catalina.core.StandardService   : Starting service [Tomcat]
2026-03-28T04:02:27.532+01:00  INFO 11444 --- [demosec] [           main] o.apache.catalina.core.StandardEngine    : Starting Servlet engine: [Apache Tomcat/10.1.52]
2026-03-28T04:02:27.579+01:00  INFO 11444 --- [demosec] [           main] o.a.c.c.C.[.[.[/springsecurity]          : Initializing Spring embedded WebApplicationContext
2026-03-28T04:02:27.581+01:00  INFO 11444 --- [demosec] [           main] w.s.c.ServletWebServerApplicationContext : Root WebApplicationContext: initialization completed in 1113 ms
2026-03-28T04:02:27.648+01:00  INFO 11444 --- [demosec] [           main] com.zaxxer.hikari.HikariDataSource       : HikariPool-1 - Starting...
2026-03-28T04:02:27.770+01:00  INFO 11444 --- [demosec] [           main] com.zaxxer.hikari.pool.HikariPool        : HikariPool-1 - Added connection com.mysql.cj.jdbc.ConnectionImpl@9cfc77
2026-03-28T04:02:27.771+01:00  INFO 11444 --- [demosec] [           main] com.zaxxer.hikari.HikariDataSource       : HikariPool-1 - Start completed.
2026-03-28T04:02:27.831+01:00  INFO 11444 --- [demosec] [           main] o.hibernate.jpa.internal.util.LogHelper  : HHH000204: Processing PersistenceUnitInfo [name: default]
2026-03-28T04:02:27.871+01:00  INFO 11444 --- [demosec] [           main] org.hibernate.Version                    : HHH000412: Hibernate ORM core version 6.6.42.Final
2026-03-28T04:02:27.893+01:00  INFO 11444 --- [demosec] [           main] o.h.c.internal.RegionFactoryInitiator    : HHH000026: Second-level cache disabled
2026-03-28T04:02:28.069+01:00  INFO 11444 --- [demosec] [           main] o.s.o.j.p.SpringPersistenceUnitInfo      : No LoadTimeWeaver setup: ignoring JPA class transformer
2026-03-28T04:02:28.100+01:00  WARN 11444 --- [demosec] [           main] org.hibernate.orm.deprecation            : HHH90000025: MySQL8Dialect does not need to be specified explicitly using 'hibernate.dialect' (remove the property setting and it will be selected by default)
2026-03-28T04:02:28.100+01:00  WARN 11444 --- [demosec] [           main] org.hibernate.orm.deprecation            : HHH90000026: MySQL8Dialect has been deprecated; use org.hibernate.dialect.MySQLDialect instead
2026-03-28T04:02:28.114+01:00  INFO 11444 --- [demosec] [           main] org.hibernate.orm.connections.pooling    : HHH10001005: Database info:
	Database JDBC URL [Connecting through datasource 'HikariDataSource (HikariPool-1)']
	Database driver: undefined/unknown
	Database version: 8.0
	Autocommit mode: undefined/unknown
	Isolation level: undefined/unknown
	Minimum pool size: undefined/unknown
	Maximum pool size: undefined/unknown
2026-03-28T04:02:29.347+01:00  INFO 11444 --- [demosec] [           main] o.h.e.t.j.p.i.JtaPlatformInitiator       : HHH000489: No JTA platform available (set 'hibernate.transaction.jta.platform' to enable JTA platform integration)
Hibernate: 
    create table lifestyle_goals (
        id bigint not null auto_increment,
        baseline_value decimal(38,2),
        category enum ('FITNESS','GENERAL_HEALTH','MAINTENANCE','MUSCLE_GAIN','NUTRITION','WEIGHT_GAIN','WEIGHT_LOSS') not null,
        status enum ('ABANDONED','ACHIEVED','CANCELLED','COMPLETED','IN_PROGRESS','PENDING') not null,
        target_date date,
        target_value decimal(38,2),
        patient_id bigint not null,
        primary key (id)
    ) engine=InnoDB
Hibernate: 
    create table lifestyle_plans (
        id bigint not null auto_increment,
        created_at datetime(6),
        description varchar(255),
        end_date date,
        start_date date,
        status enum ('ACTIVE','CANCELLED','COMPLETED','DRAFT') not null,
        title varchar(255) not null,
        goal_id bigint not null,
        nutritionist_id bigint not null,
        primary key (id)
    ) engine=InnoDB
Hibernate: 
    create table likes (
        id bigint not null auto_increment,
        post_id bigint not null,
        user_id bigint not null,
        primary key (id)
    ) engine=InnoDB
Hibernate: 
    create table materiel_donations (
        quantite integer not null,
        id bigint not null,
        primary key (id)
    ) engine=InnoDB
Hibernate: 
    create table medical_events (
        event_kind varchar(31) not null,
        id bigint not null auto_increment,
        date datetime(6) not null,
        description varchar(255),
        event_type enum ('ONLINE','PHYSICAL') not null,
        title varchar(255) not null,
        created_by_id bigint,
        primary key (id)
    ) engine=InnoDB
Hibernate: 
    create table medical_records (
        id bigint not null auto_increment,
        patient_id bigint not null,
        primary key (id)
    ) engine=InnoDB
Hibernate: 
    create table money_donations (
        money decimal(12,2) not null,
        id bigint not null,
        primary key (id)
    ) engine=InnoDB
Hibernate: 
    create table nutritionists (
        consultation_fee decimal(38,2),
        consultation_mode enum ('BOTH','IN_PERSON','ONLINE'),
        license_number varchar(255),
        specialties varchar(255),
        id bigint not null,
        primary key (id)
    ) engine=InnoDB
Hibernate: 
    create table online_events (
        meeting_link varchar(255),
        meeting_password varchar(255),
        platform_name varchar(255),
        id bigint not null,
        primary key (id)
    ) engine=InnoDB
Hibernate: 
    create table order_items (
        id bigint not null auto_increment,
        price decimal(38,2) not null,
        quantity integer not null,
        order_id bigint not null,
        product_id bigint not null,
        primary key (id)
    ) engine=InnoDB
Hibernate: 
    create table patients (
        allergies varchar(255),
        blood_type enum ('AB_NEG','AB_POS','A_NEG','A_POS','B_NEG','B_POS','O_NEG','O_POS'),
        diseases varchar(255),
        emergency_contact_name varchar(255),
        emergency_contact_phone varchar(255),
        gender enum ('FEMALE','MALE','OTHER'),
        glucose_rate varchar(255),
        height float(53),
        weight float(53),
        id bigint not null,
        primary key (id)
    ) engine=InnoDB
Hibernate: 
    create table pharmacies (
        id bigint not null auto_increment,
        address varchar(255),
        email varchar(255),
        location_lat float(53),
        location_lng float(53),
        name varchar(255) not null,
        phone_number varchar(255),
        primary key (id)
    ) engine=InnoDB
Hibernate: 
    create table pharmacists (
        id bigint not null,
        pharmacy_id bigint,
        primary key (id)
    ) engine=InnoDB
Hibernate: 
    create table pharmacy_orders (
        id bigint not null auto_increment,
        created_at datetime(6) not null,
        delivery_address varchar(255) not null,
        scheduled_delivery_date date,
        status enum ('CANCELLED','DELIVERED','PENDING','SHIPPED','VALIDATED') not null,
        total_price decimal(12,2) not null,
        patient_id bigint not null,
        pharmacy_id bigint not null,
        prescription_id bigint,
        primary key (id)
    ) engine=InnoDB
Hibernate: 
    create table pharmacy_stocks (
        id bigint not null auto_increment,
        min_quantity_threshold integer not null,
        total_quantity integer not null,
        pharmacy_id bigint not null,
        product_id bigint not null,
        primary key (id)
    ) engine=InnoDB
Hibernate: 
    create table physical_events (
        address varchar(255),
        capacity integer,
        city varchar(255),
        country varchar(255),
        postal_code varchar(255),
        venue_name varchar(255),
        id bigint not null,
        primary key (id)
    ) engine=InnoDB
Hibernate: 
    create table posts (
        id bigint not null auto_increment,
        content TEXT not null,
        created_at datetime(6) not null,
        title varchar(255) not null,
        author_id bigint not null,
        primary key (id)
    ) engine=InnoDB
Hibernate: 
    create table prescription_items (
        id bigint not null auto_increment,
        dosage varchar(255),
        duration varchar(255),
        frequency varchar(255),
        medication_name varchar(255) not null,
        prescription_id bigint not null,
        primary key (id)
    ) engine=InnoDB
Hibernate: 
    create table prescriptions (
        id bigint not null auto_increment,
        date date not null,
        consultation_id bigint not null,
        primary key (id)
    ) engine=InnoDB
Hibernate: 
    create table products (
        id bigint not null auto_increment,
        barcode varchar(255),
        brand varchar(255),
        category varchar(255),
        description varchar(255),
        image_url varchar(255),
        manufacturer varchar(255),
        name varchar(255) not null,
        type enum ('DEVICE','HYGIENE','MEDICATION','OTHER','PARAPHARMA','SUPPLEMENT') not null,
        unit enum ('BOTTLE','BOX','G','ML','PIECE','TUBE') not null,
        primary key (id)
    ) engine=InnoDB
Hibernate: 
    create table progress_tracking (
        id bigint not null auto_increment,
        date date,
        notes varchar(255),
        value decimal(38,2),
        goal_id bigint not null,
        patient_id bigint not null,
        primary key (id)
    ) engine=InnoDB
Hibernate: 
    create table provider_calendars (
        id bigint not null auto_increment,
        provider_id bigint not null,
        primary key (id)
    ) engine=InnoDB
Hibernate: 
    create table service_provider_specialties (
        service_provider_id bigint not null,
        home_care_service_id bigint not null,
        primary key (service_provider_id, home_care_service_id)
    ) engine=InnoDB
Hibernate: 
    create table service_providers (
        certification_document varchar(255),
        id bigint not null,
        primary key (id)
    ) engine=InnoDB
Hibernate: 
    create table smart_devices (
        id bigint not null auto_increment,
        patient_id bigint not null,
        primary key (id)
    ) engine=InnoDB
Hibernate: 
    create table stock_alerts (
        id bigint not null auto_increment,
        alert_type enum ('EXPIRED','EXPIRING_SOON','LOW_STOCK','OUT_OF_STOCK') not null,
        created_at datetime(6) not null,
        message varchar(255) not null,
        resolved bit not null,
        resolved_at datetime(6),
        pharmacy_stock_id bigint not null,
        primary key (id)
    ) engine=InnoDB
Hibernate: 
    create table stock_batches (
        id bigint not null auto_increment,
        batch_number varchar(255),
        expiration_date date,
        purchase_price decimal(38,2),
        quantity integer not null,
        received_at datetime(6) not null,
        selling_price decimal(38,2),
        pharmacy_stock_id bigint not null,
        primary key (id)
    ) engine=InnoDB
Hibernate: 
    create table stock_movements (
        id bigint not null auto_increment,
        created_at datetime(6) not null,
        movement_type enum ('ADJUSTMENT','IN','OUT','RETURN','TRANSFER') not null,
        quantity integer not null,
        reference varchar(255),
        performed_by_id bigint,
        pharmacy_stock_id bigint not null,
        primary key (id)
    ) engine=InnoDB
Hibernate: 
    create table treatments (
        id bigint not null auto_increment,
        description varchar(255) not null,
        end_date date,
        start_date date,
        status enum ('CANCELLED','COMPLETED','ONGOING') not null,
        treatment_type enum ('MEDICATION','PROCEDURE','SURGERY','THERAPY') not null,
        consultation_id bigint not null,
        primary key (id)
    ) engine=InnoDB
Hibernate: 
    create table users (
        id bigint not null auto_increment,
        birth_date date,
        email varchar(255) not null,
        enabled bit not null,
        full_name varchar(255) not null,
        password varchar(255) not null,
        phone varchar(255),
        photo LONGTEXT,
        role enum ('ADMIN','CLINIC','DOCTOR','HOME_CARE_PROVIDER','LABORATORYSTAFF','NUTRITIONIST','PATIENT','PHARMACIST','VISITOR') not null,
        primary key (id)
    ) engine=InnoDB
Hibernate: 
    create table vaccinations (
        id bigint not null auto_increment,
        due_date date not null,
        status enum ('DONE','MISSED','PENDING') not null,
        vaccine_name varchar(255) not null,
        baby_id bigint not null,
        primary key (id)
    ) engine=InnoDB
Hibernate: 
    alter table medical_records 
       drop index UKpfo95i6n9sje9q9mb429f5qor
Hibernate: 
    alter table medical_records 
       add constraint UKpfo95i6n9sje9q9mb429f5qor unique (patient_id)
Hibernate: 
    alter table nutritionists 
       drop index UK6qkid88nspt1o4tmnwqqfubih
Hibernate: 
    alter table nutritionists 
       add constraint UK6qkid88nspt1o4tmnwqqfubih unique (license_number)
Hibernate: 
    alter table provider_calendars 
       drop index UKsek70wbaioymbpla75orq7ydn
Hibernate: 
    alter table provider_calendars 
       add constraint UKsek70wbaioymbpla75orq7ydn unique (provider_id)
Hibernate: 
    alter table smart_devices 
       drop index UKr5oqv37meglit0d275733v1ou
Hibernate: 
    alter table smart_devices 
       add constraint UKr5oqv37meglit0d275733v1ou unique (patient_id)
Hibernate: 
    alter table users 
       drop index UK6dotkott2kjsp8vw4d0m25fb7
Hibernate: 
    alter table users 
       add constraint UK6dotkott2kjsp8vw4d0m25fb7 unique (email)
Hibernate: 
    alter table aid_requests 
       add constraint FK8vk8jjm5ymfy0tbwy784l9n7u 
       foreign key (patient_id) 
       references users (id)
Hibernate: 
    alter table ambulances 
       add constraint FKaspc7fl9ur8mir8gni8lmp0ha 
       foreign key (clinic_id) 
       references clinics (id)
Hibernate: 
    alter table appointments 
       add constraint FK4rntms8li6gv1r4w168s5rnes 
       foreign key (availability_id) 
       references calendar_availabilities (id)
Hibernate: 
    alter table appointments 
       add constraint FKopb2h9yhin1rb4dqote8bws6w 
       foreign key (patient_id) 
       references users (id)
Hibernate: 
    alter table appointments 
       add constraint FK4fu75bopbpvwtgr881n5o84yr 
       foreign key (provider_id) 
       references users (id)
Hibernate: 
    alter table baby_profiles 
       add constraint FK8r64qf1aah4pmwv6aa6gk89wi 
       foreign key (parent_id) 
       references patients (id)
Hibernate: 
    alter table calendar_availabilities 
       add constraint FKldeyyibptwrks38s8s66u0thr 
       foreign key (calendar_id) 
       references provider_calendars (id)
Hibernate: 
    alter table comments 
       add constraint FKn2na60ukhs76ibtpt9burkm27 
       foreign key (author_id) 
       references users (id)
Hibernate: 
    alter table comments 
       add constraint FKh4c7lvsc298whoyd4w9ta25cr 
       foreign key (post_id) 
       references posts (id)
Hibernate: 
    alter table consultations 
       add constraint FKkog17uvjvkkg4bv6l5eu1ysqw 
       foreign key (doctor_id) 
       references users (id)
Hibernate: 
    alter table consultations 
       add constraint FK4p8su3x8lamshi6ebh6vrt6a8 
       foreign key (medical_record_id) 
       references medical_records (id)
Hibernate: 
    alter table diagnoses 
       add constraint FKgfts0yrddn59v61ywhksr56a6 
       foreign key (consultation_id) 
       references consultations (id)
Hibernate: 
    alter table doctors 
       add constraint FKgisys6qm9qflq8w4npdhxafne 
       foreign key (id) 
       references users (id)
Hibernate: 
    alter table donation_assignments 
       add constraint FKgdt8twkoey2asuc0nin24lt5p 
       foreign key (aid_request_id) 
       references aid_requests (id)
Hibernate: 
    alter table donation_assignments 
       add constraint FKf4go7ivgn63p53uhhb22nvj1a 
       foreign key (donation_id) 
       references donations (id)
Hibernate: 
    alter table emergency_alerts 
       add constraint FKf77rwu6n28qadgdarstogc8nr 
       foreign key (device_id) 
       references smart_devices (id)
Hibernate: 
    alter table emergency_interventions 
       add constraint FKoemo2ei1bf0d18qvlx1k3i037 
       foreign key (ambulance_id) 
       references ambulances (id)
Hibernate: 
    alter table emergency_interventions 
       add constraint FK5aua68fpqqixoneptfx4iwd4s 
       foreign key (clinic_id) 
       references clinics (id)
Hibernate: 
    alter table emergency_interventions 
       add constraint FKfx276poiw21k6mx23xanxtx6g 
       foreign key (emergency_alert_id) 
       references emergency_alerts (id)
Hibernate: 
    alter table event_registrations 
       add constraint FKjqvemfb05leskcxkhv36r5ivj 
       foreign key (event_id) 
       references medical_events (id)
Hibernate: 
    alter table event_registrations 
       add constraint FKp9y6buinf98h9nm47goe0prgc 
       foreign key (participant_id) 
       references users (id)
Hibernate: 
    alter table growth_records 
       add constraint FK4uqfiaj57bm9dr1o8y8c8ynwp 
       foreign key (baby_id) 
       references baby_profiles (id)
Hibernate: 
    alter table lab_requests 
       add constraint FKtjd143t1c550vtiy65m45u3kd 
       foreign key (doctor_id) 
       references doctors (id)
Hibernate: 
    alter table lab_requests 
       add constraint FK423xwxn7hn70ufiw1vlhgi8b 
       foreign key (laboratory_id) 
       references laboratories (id)
Hibernate: 
    alter table lab_requests 
       add constraint FK75p4ko3xn9k8k5xiypggyfk24 
       foreign key (patient_id) 
       references patients (id)
Hibernate: 
    alter table lab_results 
       add constraint FKndnvq4dpij5gb5eglqxoh6lov 
       foreign key (lab_request_id) 
       references lab_requests (id)
Hibernate: 
    alter table lab_tests 
       add constraint FKpbj5y8bj1ac8u32rc3rkg9ipg 
       foreign key (laboratory_id) 
       references laboratories (id)
Hibernate: 
    alter table laboratory_staff 
       add constraint FKdplyvl8bw5jkq0nqi193qgnj1 
       foreign key (laboratory_id) 
       references laboratories (id)
Hibernate: 
    alter table laboratory_staff 
       add constraint FKau9aaaygnuideb4avqsw1ampn 
       foreign key (id) 
       references users (id)
Hibernate: 
    alter table lifestyle_goals 
       add constraint FKmsifngurj2dy5j34ibd3b66wb 
       foreign key (patient_id) 
       references users (id)
Hibernate: 
    alter table lifestyle_plans 
       add constraint FKj1ldmf9itkoh6fndpa2k57qww 
       foreign key (goal_id) 
       references lifestyle_goals (id)
Hibernate: 
    alter table lifestyle_plans 
       add constraint FKf7r59jg53ttm94lmox4b50rii 
       foreign key (nutritionist_id) 
       references users (id)
Hibernate: 
    alter table likes 
       add constraint FKry8tnr4x2vwemv2bb0h5hyl0x 
       foreign key (post_id) 
       references posts (id)
Hibernate: 
    alter table likes 
       add constraint FKnvx9seeqqyy71bij291pwiwrg 
       foreign key (user_id) 
       references users (id)
Hibernate: 
    alter table materiel_donations 
       add constraint FKoalu34qxxuy0u9c5eqbhrduwx 
       foreign key (id) 
       references donations (id)
Hibernate: 
    alter table medical_events 
       add constraint FKbqy87cm9j71evnr9l8e4lthwu 
       foreign key (created_by_id) 
       references users (id)
Hibernate: 
    alter table medical_records 
       add constraint FKe3g9v0pbec2843wd1rxeb0is3 
       foreign key (patient_id) 
       references users (id)
Hibernate: 
    alter table money_donations 
       add constraint FKb4f74ndnusgex3bcd14osdwud 
       foreign key (id) 
       references donations (id)
Hibernate: 
    alter table nutritionists 
       add constraint FKed56h4g02cknt9tihg51u75qc 
       foreign key (id) 
       references users (id)
Hibernate: 
    alter table online_events 
       add constraint FKg84e7xoy7r8bhv2nmre81y512 
       foreign key (id) 
       references medical_events (id)
Hibernate: 
    alter table order_items 
       add constraint FK4a3i2l6lb2yl0ratr0iulmttq 
       foreign key (order_id) 
       references pharmacy_orders (id)
Hibernate: 
    alter table order_items 
       add constraint FKocimc7dtr037rh4ls4l95nlfi 
       foreign key (product_id) 
       references products (id)
Hibernate: 
    alter table patients 
       add constraint FKn8xphvlp05nd3ydg0p1rbdaom 
       foreign key (id) 
       references users (id)
Hibernate: 
    alter table pharmacists 
       add constraint FK274bkgrys2ol3eou3904fidrn 
       foreign key (pharmacy_id) 
       references pharmacies (id)
Hibernate: 
    alter table pharmacists 
       add constraint FK18tc2lcdiutko6gm005qfyq8 
       foreign key (id) 
       references users (id)
Hibernate: 
    alter table pharmacy_orders 
       add constraint FK4n11hhmwv4y4mqy73hwbkjxpq 
       foreign key (patient_id) 
       references users (id)
Hibernate: 
    alter table pharmacy_orders 
       add constraint FK6g7rd8jtl1j4i5pilc61poq9w 
       foreign key (pharmacy_id) 
       references pharmacies (id)
Hibernate: 
    alter table pharmacy_orders 
       add constraint FKdw8oqqyfk6sbc7i8tw6w7d6yl 
       foreign key (prescription_id) 
       references prescriptions (id)
Hibernate: 
    alter table pharmacy_stocks 
       add constraint FKqbaf4pj05yb6n18vs1d3l7osp 
       foreign key (pharmacy_id) 
       references pharmacies (id)
Hibernate: 
    alter table pharmacy_stocks 
       add constraint FKl4l0mirtq4rbom2euurk6rfeo 
       foreign key (product_id) 
       references products (id)
Hibernate: 
    alter table physical_events 
       add constraint FKj8a830sk8fedh8lbo6ujity8j 
       foreign key (id) 
       references medical_events (id)
Hibernate: 
    alter table posts 
       add constraint FK6xvn0811tkyo3nfjk2xvqx6ns 
       foreign key (author_id) 
       references users (id)
Hibernate: 
    alter table prescription_items 
       add constraint FK6uh7tdy2lv6sx34u1365acqsf 
       foreign key (prescription_id) 
       references prescriptions (id)
Hibernate: 
    alter table prescriptions 
       add constraint FKj6varr98psv2onkoxks6jin14 
       foreign key (consultation_id) 
       references consultations (id)
Hibernate: 
    alter table progress_tracking 
       add constraint FK773ph7rvocvsrhrgpfvvsem5q 
       foreign key (goal_id) 
       references lifestyle_goals (id)
Hibernate: 
    alter table progress_tracking 
       add constraint FKhddvem51rj6ll9lrgqoojnhf8 
       foreign key (patient_id) 
       references users (id)
Hibernate: 
    alter table provider_calendars 
       add constraint FKbu6ulwvctrobnnn2mwqu6asfe 
       foreign key (provider_id) 
       references users (id)
Hibernate: 
    alter table service_provider_specialties 
       add constraint FKt6x15ej4y5yss9e1no3ye4070 
       foreign key (home_care_service_id) 
       references home_care_services (id)
Hibernate: 
    alter table service_provider_specialties 
       add constraint FK6wg08wmy31o8xd7qm9kuqvew7 
       foreign key (service_provider_id) 
       references service_providers (id)
Hibernate: 
    alter table service_providers 
       add constraint FK9e8cal1l60yfm8gdj5ieto722 
       foreign key (id) 
       references users (id)
Hibernate: 
    alter table smart_devices 
       add constraint FKpiogcpibuopg80ut7n0hpieih 
       foreign key (patient_id) 
       references users (id)
Hibernate: 
    alter table stock_alerts 
       add constraint FKnb7jmpwyvdvb0t1qikq7sl2p5 
       foreign key (pharmacy_stock_id) 
       references pharmacy_stocks (id)
Hibernate: 
    alter table stock_batches 
       add constraint FKkra63gofx8kkfgbmimkjbk3v6 
       foreign key (pharmacy_stock_id) 
       references pharmacy_stocks (id)
Hibernate: 
    alter table stock_movements 
       add constraint FK45yhs5thi26xrhdd6vxu25erh 
       foreign key (performed_by_id) 
       references users (id)
Hibernate: 
    alter table stock_movements 
       add constraint FKg082tearac4tc7c41xm5vw04i 
       foreign key (pharmacy_stock_id) 
       references pharmacy_stocks (id)
Hibernate: 
    alter table treatments 
       add constraint FKrf6frtb6q7ta8vbqc24enwmo0 
       foreign key (consultation_id) 
       references consultations (id)
Hibernate: 
    alter table vaccinations 
       add constraint FK8bmy4ddmhwvgcvasor04t8ng8 
       foreign key (baby_id) 
       references baby_profiles (id)
2026-03-28T04:02:32.187+01:00  INFO 11444 --- [demosec] [           main] j.LocalContainerEntityManagerFactoryBean : Initialized JPA EntityManagerFactory for persistence unit 'default'
2026-03-28T04:02:32.403+01:00 DEBUG 11444 --- [demosec] [           main] c.a.demosec.security.jwt.JwtAuthFilter   : Filter 'jwtAuthFilter' configured for use
>>> STARTING DATABASE CLEANUP FOR CORRUPTED TABLES <<<
>>> DATABASE CLEANUP COMPLETED SUCCESSFULLY <<<
2026-03-28T04:02:32.488+01:00  INFO 11444 --- [demosec] [           main] eAuthenticationProviderManagerConfigurer : Global AuthenticationManager configured with AuthenticationProvider bean with name authProvider
2026-03-28T04:02:32.489+01:00  WARN 11444 --- [demosec] [           main] r$InitializeUserDetailsManagerConfigurer : Global AuthenticationManager configured with an AuthenticationProvider bean. UserDetailsService beans will not be used by Spring Security for automatically configuring username/password login. Consider removing the AuthenticationProvider bean. Alternatively, consider using the UserDetailsService in a manually instantiated DaoAuthenticationProvider. If the current configuration is intentional, to turn off this warning, increase the logging level of 'org.springframework.security.config.annotation.authentication.configuration.InitializeUserDetailsBeanManagerConfigurer' to ERROR
2026-03-28T04:02:32.645+01:00  INFO 11444 --- [demosec] [           main] o.s.d.j.r.query.QueryEnhancerFactory     : Hibernate is in classpath; If applicable, HQL parser will be used.
2026-03-28T04:02:32.919+01:00  WARN 11444 --- [demosec] [           main] JpaBaseConfiguration$JpaWebConfiguration : spring.jpa.open-in-view is enabled by default. Therefore, database queries may be performed during view rendering. Explicitly configure spring.jpa.open-in-view to disable this warning
2026-03-28T04:02:33.128+01:00 DEBUG 11444 --- [demosec] [           main] o.s.s.web.DefaultSecurityFilterChain     : Will secure any request with filters: DisableEncodeUrlFilter, WebAsyncManagerIntegrationFilter, SecurityContextHolderFilter, HeaderWriterFilter, CorsFilter, LogoutFilter, JwtAuthFilter, RequestCacheAwareFilter, SecurityContextHolderAwareRequestFilter, AnonymousAuthenticationFilter, SessionManagementFilter, ExceptionTranslationFilter, AuthorizationFilter
2026-03-28T04:02:33.260+01:00  WARN 11444 --- [demosec] [           main] ConfigServletWebServerApplicationContext : Exception encountered during context initialization - cancelling refresh attempt: org.springframework.context.ApplicationContextException: Failed to start bean 'webServerStartStop'
2026-03-28T04:02:33.262+01:00  INFO 11444 --- [demosec] [           main] j.LocalContainerEntityManagerFactoryBean : Closing JPA EntityManagerFactory for persistence unit 'default'
2026-03-28T04:02:33.264+01:00  INFO 11444 --- [demosec] [           main] com.zaxxer.hikari.HikariDataSource       : HikariPool-1 - Shutdown initiated...
2026-03-28T04:02:33.273+01:00  INFO 11444 --- [demosec] [           main] com.zaxxer.hikari.HikariDataSource       : HikariPool-1 - Shutdown completed.
2026-03-28T04:02:33.283+01:00  INFO 11444 --- [demosec] [           main] .s.b.a.l.ConditionEvaluationReportLogger : 

Error starting ApplicationContext. To display the condition evaluation report re-run your application with 'debug' enabled.
2026-03-28T04:02:33.296+01:00 ERROR 11444 --- [demosec] [           main] o.s.b.d.LoggingFailureAnalysisReporter   : 

***************************
APPLICATION FAILED TO START
***************************

Description:

Web server failed to start. Port 8081 was already in use.

Action:

Identify and stop the process that's listening on port 8081 or configure this application to listen on another port.

[INFO] ------------------------------------------------------------------------
[INFO] BUILD FAILURE
[INFO] ------------------------------------------------------------------------
[INFO] Total time:  8.818 s
[INFO] Finished at: 2026-03-28T04:02:33+01:00
[INFO] ------------------------------------------------------------------------
[ERROR] Failed to execute goal org.springframework.boot:spring-boot-maven-plugin:3.5.11:run (default-cli) on project demosec: Process terminated with exit code: 1 -> [Help 1]
[ERROR] 
[ERROR] To see the full stack trace of the errors, re-run Maven with the -e switch.
[ERROR] Re-run Maven using the -X switch to enable full debug logging.
[ERROR] 
[ERROR] For more information about the errors and possible solutions, please read the following articles:
[ERROR] [Help 1] http://cwiki.apache.org/confluence/display/MAVEN/MojoExecutionException
